<?xml version="1.0" encoding="UTF-8"?>
<!-- Generated by org.testng.reporters.JUnitReportReporter -->
<testsuite hostname="LAPTOP-JLUIEFO5" failures="0" tests="1" name="testCases.TC_002_Login" time="5.942" errors="0" timestamp="2023-02-17T14:18:10 IST" skipped="0">
  <testcase classname="testCases.TC_002_Login" name="test_login" time="5.942"/>
  <system-out/>
</testsuite> <!-- testCases.TC_002_Login -->
