<?xml version="1.0" encoding="UTF-8"?>
<!-- Generated by org.testng.reporters.JUnitReportReporter -->
<testsuite hostname="LAPTOP-JLUIEFO5" failures="0" tests="1" name="testCases.TC_001_AccountRegistration" time="8.394" errors="0" timestamp="2023-02-17T14:23:56 IST" skipped="0">
  <testcase classname="testCases.TC_001_AccountRegistration" name="test_accout_Registration" time="8.394"/>
  <system-out/>
</testsuite> <!-- testCases.TC_001_AccountRegistration -->
