<?xml version="1.0" encoding="UTF-8"?>
<!-- Generated by org.testng.reporters.JUnitReportReporter -->
<testsuite hostname="LAPTOP-JLUIEFO5" failures="0" tests="1" name="testCases.TC_001_AccountRegistration" time="14.620" errors="0" timestamp="2023-02-16T15:58:39 IST" skipped="0">
  <testcase classname="testCases.TC_001_AccountRegistration" name="acoount_registration" time="14.620"/>
  <system-out/>
</testsuite> <!-- testCases.TC_001_AccountRegistration -->
