<?xml version="1.0" encoding="UTF-8"?>
<!-- Generated by org.testng.reporters.JUnitReportReporter -->
<testsuite skipped="0" hostname="LAPTOP-JLUIEFO5" name="testCases.TC_002_Login" tests="1" failures="0" timestamp="2023-02-16T16:40:43 IST" time="6.021" errors="0">
  <testcase name="test_login" time="6.021" classname="testCases.TC_002_Login"/>
  <system-out/>
</testsuite> <!-- testCases.TC_002_Login -->
