<?xml version="1.0" encoding="UTF-8"?>
<!-- Generated by org.testng.reporters.JUnitReportReporter -->
<testsuite skipped="0" hostname="LAPTOP-JLUIEFO5" name="testCases.TC_003_LoginDDT" tests="4" failures="0" timestamp="2023-02-16T16:40:43 IST" time="40.946" errors="0">
  <testcase name="test_loginDDT" time="11.672" classname="testCases.TC_003_LoginDDT"/>
  <system-out/>
  <testcase name="test_loginDDT" time="11.593" classname="testCases.TC_003_LoginDDT"/>
  <system-out/>
  <testcase name="test_loginDDT" time="4.901" classname="testCases.TC_003_LoginDDT"/>
  <system-out/>
  <testcase name="test_loginDDT" time="12.780" classname="testCases.TC_003_LoginDDT"/>
  <system-out/>
</testsuite> <!-- testCases.TC_003_LoginDDT -->
