<?xml version="1.0" encoding="UTF-8"?>
<!-- Generated by org.testng.reporters.JUnitReportReporter -->
<testsuite skipped="0" hostname="LAPTOP-JLUIEFO5" name="testCases.TC_001_AccountRegistration" tests="1" failures="0" timestamp="2023-02-16T16:40:43 IST" time="8.424" errors="0">
  <testcase name="acoount_registration" time="8.424" classname="testCases.TC_001_AccountRegistration"/>
  <system-out/>
</testsuite> <!-- testCases.TC_001_AccountRegistration -->
